<?xml version="1.0" encoding="utf-8" standalone="no"?>
<test-results xmlns:xsi="http://www.w3.org/2001/XMLSchema-instance" xsi:noNamespaceSchemaLocation="nunit_schema_2.5.xsd" name="Pester" total="47" errors="0" failures="0" not-run="0" inconclusive="0" ignored="0" skipped="3" invalid="0" date="2021-08-07" time="00:11:28">
  <environment user-domain="OFFICE" user="dtawater" machine-name="USNV-L00008" nunit-version="2.5.8.0" cwd="C:\Projects\Powershell\Modules\7zipWrapper\tests" os-version="10.0.19041" platform="Microsoft Windows 10 Pro|C:\WINDOWS|\Device\Harddisk0\Partition4" clr-version="Unknown" />
  <culture-info current-culture="en-US" current-uiculture="en-US" />
  <test-suite type="TestFixture" name="Pester" executed="True" result="Ignored" success="True" time="8.0292" asserts="0" description="Pester">
    <results>
      <test-suite type="TestFixture" name="C:\Projects\Powershell\Modules\7zipWrapper\tests\Help.tests.ps1" executed="True" result="Success" success="True" time="6.1534" asserts="0" description="C:\Projects\Powershell\Modules\7zipWrapper\tests\Help.tests.ps1">
        <results>
          <test-suite type="TestFixture" name="Test help for function Add-7zArchive" executed="True" result="Success" success="True" time="0.1657" asserts="0" description="Test help for function Add-7zArchive">
            <results>
              <test-suite type="TestFixture" name="Test help for function Add-7zArchive.Test Add-7zArchive help comments" executed="True" result="Success" success="True" time="0.0931" asserts="0" description="Test help for function Add-7zArchive.Test Add-7zArchive help comments">
                <results>
                  <test-case description="Help is not auto-generated" name="Test help for function Add-7zArchive.Test Add-7zArchive help comments.Help is not auto-generated" time="0.0101" asserts="0" success="True" result="Success" executed="True" />
                  <test-case description="Has description" name="Test help for function Add-7zArchive.Test Add-7zArchive help comments.Has description" time="0.0052" asserts="0" success="True" result="Success" executed="True" />
                  <test-case description="Has example code" name="Test help for function Add-7zArchive.Test Add-7zArchive help comments.Has example code" time="0.0051" asserts="0" success="True" result="Success" executed="True" />
                  <test-case description="Has example help" name="Test help for function Add-7zArchive.Test Add-7zArchive help comments.Has example help" time="0.004" asserts="0" success="True" result="Success" executed="True" />
                </results>
              </test-suite>
            </results>
          </test-suite>
          <test-suite type="TestFixture" name="Test help for function Expand-7zArchive" executed="True" result="Success" success="True" time="1.3706" asserts="0" description="Test help for function Expand-7zArchive">
            <results>
              <test-suite type="TestFixture" name="Test help for function Expand-7zArchive.Test Expand-7zArchive help comments" executed="True" result="Success" success="True" time="1.1266" asserts="0" description="Test help for function Expand-7zArchive.Test Expand-7zArchive help comments">
                <results>
                  <test-case description="Help is not auto-generated" name="Test help for function Expand-7zArchive.Test Expand-7zArchive help comments.Help is not auto-generated" time="0.0085" asserts="0" success="True" result="Success" executed="True" />
                  <test-case description="Has description" name="Test help for function Expand-7zArchive.Test Expand-7zArchive help comments.Has description" time="0.0087" asserts="0" success="True" result="Success" executed="True" />
                  <test-case description="Has example code" name="Test help for function Expand-7zArchive.Test Expand-7zArchive help comments.Has example code" time="0.0047" asserts="0" success="True" result="Success" executed="True" />
                  <test-case description="Has example help" name="Test help for function Expand-7zArchive.Test Expand-7zArchive help comments.Has example help" time="0.0043" asserts="0" success="True" result="Success" executed="True" />
                  <test-suite type="ParameterizedTest" name="Test help for function &lt;_&gt;.Test &lt;_&gt; help comments.Help link &lt;_&gt; is valid" executed="True" result="Success" success="True" time="1.034" asserts="0" description="Help link &lt;_&gt; is valid">
                    <results>
                      <test-case description="Help link https://documentation.help/7-Zip/extract1.htm is valid" name="Test help for function Expand-7zArchive.Test Expand-7zArchive help comments.Help link https://documentation.help/7-Zip/extract1.htm is valid" time="1.034" asserts="0" success="True" result="Success" executed="True" />
                    </results>
                  </test-suite>
                </results>
              </test-suite>
            </results>
          </test-suite>
          <test-suite type="TestFixture" name="Test help for function Get-7zArchive" executed="True" result="Success" success="True" time="2.4379" asserts="0" description="Test help for function Get-7zArchive">
            <results>
              <test-suite type="TestFixture" name="Test help for function Get-7zArchive.Test Get-7zArchive help comments" executed="True" result="Success" success="True" time="0.9891" asserts="0" description="Test help for function Get-7zArchive.Test Get-7zArchive help comments">
                <results>
                  <test-case description="Help is not auto-generated" name="Test help for function Get-7zArchive.Test Get-7zArchive help comments.Help is not auto-generated" time="0.0136" asserts="0" success="True" result="Success" executed="True" />
                  <test-case description="Has description" name="Test help for function Get-7zArchive.Test Get-7zArchive help comments.Has description" time="0.0039" asserts="0" success="True" result="Success" executed="True" />
                  <test-case description="Has example code" name="Test help for function Get-7zArchive.Test Get-7zArchive help comments.Has example code" time="0.0058" asserts="0" success="True" result="Success" executed="True" />
                  <test-case description="Has example help" name="Test help for function Get-7zArchive.Test Get-7zArchive help comments.Has example help" time="0.0049" asserts="0" success="True" result="Success" executed="True" />
                  <test-suite type="ParameterizedTest" name="Test help for function &lt;_&gt;.Test &lt;_&gt; help comments.Help link &lt;_&gt; is valid" executed="True" result="Success" success="True" time="0.8942" asserts="0" description="Help link &lt;_&gt; is valid">
                    <results>
                      <test-case description="Help link https://documentation.help/7-Zip/list.htm is valid" name="Test help for function Get-7zArchive.Test Get-7zArchive help comments.Help link https://documentation.help/7-Zip/list.htm is valid" time="0.8942" asserts="0" success="True" result="Success" executed="True" />
                    </results>
                  </test-suite>
                </results>
              </test-suite>
            </results>
          </test-suite>
          <test-suite type="TestFixture" name="Test help for function New-7zArchive" executed="True" result="Success" success="True" time="2.6102" asserts="0" description="Test help for function New-7zArchive">
            <results>
              <test-suite type="TestFixture" name="Test help for function New-7zArchive.Test New-7zArchive help comments" executed="True" result="Success" success="True" time="0.0938" asserts="0" description="Test help for function New-7zArchive.Test New-7zArchive help comments">
                <results>
                  <test-case description="Help is not auto-generated" name="Test help for function New-7zArchive.Test New-7zArchive help comments.Help is not auto-generated" time="0.0079" asserts="0" success="True" result="Success" executed="True" />
                  <test-case description="Has description" name="Test help for function New-7zArchive.Test New-7zArchive help comments.Has description" time="0.0076" asserts="0" success="True" result="Success" executed="True" />
                  <test-case description="Has example code" name="Test help for function New-7zArchive.Test New-7zArchive help comments.Has example code" time="0.0041" asserts="0" success="True" result="Success" executed="True" />
                  <test-case description="Has example help" name="Test help for function New-7zArchive.Test New-7zArchive help comments.Has example help" time="0.0044" asserts="0" success="True" result="Success" executed="True" />
                </results>
              </test-suite>
            </results>
          </test-suite>
          <test-suite type="TestFixture" name="Test help for function New-7zSfx" executed="True" result="Success" success="True" time="3.5387" asserts="0" description="Test help for function New-7zSfx">
            <results>
              <test-suite type="TestFixture" name="Test help for function New-7zSfx.Test New-7zSfx help comments" executed="True" result="Success" success="True" time="0.8513" asserts="0" description="Test help for function New-7zSfx.Test New-7zSfx help comments">
                <results>
                  <test-case description="Help is not auto-generated" name="Test help for function New-7zSfx.Test New-7zSfx help comments.Help is not auto-generated" time="0.0084" asserts="0" success="True" result="Success" executed="True" />
                  <test-case description="Has description" name="Test help for function New-7zSfx.Test New-7zSfx help comments.Has description" time="0.0038" asserts="0" success="True" result="Success" executed="True" />
                  <test-case description="Has example code" name="Test help for function New-7zSfx.Test New-7zSfx help comments.Has example code" time="0.0041" asserts="0" success="True" result="Success" executed="True" />
                  <test-case description="Has example help" name="Test help for function New-7zSfx.Test New-7zSfx help comments.Has example help" time="0.0041" asserts="0" success="True" result="Success" executed="True" />
                  <test-suite type="ParameterizedTest" name="Test help for function &lt;_&gt;.Test &lt;_&gt; help comments.Help link &lt;_&gt; is valid" executed="True" result="Success" success="True" time="0.7649" asserts="0" description="Help link &lt;_&gt; is valid">
                    <results>
                      <test-case description="Help link https://documentation.help/7-Zip/sfx.htm is valid" name="Test help for function New-7zSfx.Test New-7zSfx help comments.Help link https://documentation.help/7-Zip/sfx.htm is valid" time="0.7649" asserts="0" success="True" result="Success" executed="True" />
                    </results>
                  </test-suite>
                </results>
              </test-suite>
            </results>
          </test-suite>
          <test-suite type="TestFixture" name="Test help for function Test-7zArchive" executed="True" result="Success" success="True" time="4.4866" asserts="0" description="Test help for function Test-7zArchive">
            <results>
              <test-suite type="TestFixture" name="Test help for function Test-7zArchive.Test Test-7zArchive help comments" executed="True" result="Success" success="True" time="0.8705" asserts="0" description="Test help for function Test-7zArchive.Test Test-7zArchive help comments">
                <results>
                  <test-case description="Help is not auto-generated" name="Test help for function Test-7zArchive.Test Test-7zArchive help comments.Help is not auto-generated" time="0.0094" asserts="0" success="True" result="Success" executed="True" />
                  <test-case description="Has description" name="Test help for function Test-7zArchive.Test Test-7zArchive help comments.Has description" time="0.0037" asserts="0" success="True" result="Success" executed="True" />
                  <test-case description="Has example code" name="Test help for function Test-7zArchive.Test Test-7zArchive help comments.Has example code" time="0.0041" asserts="0" success="True" result="Success" executed="True" />
                  <test-case description="Has example help" name="Test help for function Test-7zArchive.Test Test-7zArchive help comments.Has example help" time="0.004" asserts="0" success="True" result="Success" executed="True" />
                  <test-suite type="ParameterizedTest" name="Test help for function &lt;_&gt;.Test &lt;_&gt; help comments.Help link &lt;_&gt; is valid" executed="True" result="Success" success="True" time="0.7789" asserts="0" description="Help link &lt;_&gt; is valid">
                    <results>
                      <test-case description="Help link https://documentation.help/7-Zip/list.htm is valid" name="Test help for function Test-7zArchive.Test Test-7zArchive help comments.Help link https://documentation.help/7-Zip/list.htm is valid" time="0.7789" asserts="0" success="True" result="Success" executed="True" />
                    </results>
                  </test-suite>
                </results>
              </test-suite>
            </results>
          </test-suite>
          <test-suite type="TestFixture" name="Test help for function Update-7zArchive" executed="True" result="Success" success="True" time="5.4905" asserts="0" description="Test help for function Update-7zArchive">
            <results>
              <test-suite type="TestFixture" name="Test help for function Update-7zArchive.Test Update-7zArchive help comments" executed="True" result="Success" success="True" time="0.9225" asserts="0" description="Test help for function Update-7zArchive.Test Update-7zArchive help comments">
                <results>
                  <test-case description="Help is not auto-generated" name="Test help for function Update-7zArchive.Test Update-7zArchive help comments.Help is not auto-generated" time="0.0132" asserts="0" success="True" result="Success" executed="True" />
                  <test-case description="Has description" name="Test help for function Update-7zArchive.Test Update-7zArchive help comments.Has description" time="0.0042" asserts="0" success="True" result="Success" executed="True" />
                  <test-case description="Has example code" name="Test help for function Update-7zArchive.Test Update-7zArchive help comments.Has example code" time="0.0046" asserts="0" success="True" result="Success" executed="True" />
                  <test-case description="Has example help" name="Test help for function Update-7zArchive.Test Update-7zArchive help comments.Has example help" time="0.0051" asserts="0" success="True" result="Success" executed="True" />
                  <test-suite type="ParameterizedTest" name="Test help for function &lt;_&gt;.Test &lt;_&gt; help comments.Help link &lt;_&gt; is valid" executed="True" result="Success" success="True" time="0.8316" asserts="0" description="Help link &lt;_&gt; is valid">
                    <results>
                      <test-case description="Help link https://documentation.help/7-Zip/update.htm is valid" name="Test help for function Update-7zArchive.Test Update-7zArchive help comments.Help link https://documentation.help/7-Zip/update.htm is valid" time="0.8316" asserts="0" success="True" result="Success" executed="True" />
                    </results>
                  </test-suite>
                </results>
              </test-suite>
            </results>
          </test-suite>
        </results>
      </test-suite>
      <test-suite type="TestFixture" name="C:\Projects\Powershell\Modules\7zipWrapper\tests\Manifest.tests.ps1" executed="True" result="Ignored" success="True" time="0.7011" asserts="0" description="C:\Projects\Powershell\Modules\7zipWrapper\tests\Manifest.tests.ps1">
        <results>
          <test-suite type="TestFixture" name="Module manifest" executed="True" result="Ignored" success="True" time="0.1707" asserts="0" description="Module manifest">
            <results>
              <test-suite type="TestFixture" name="Module manifest.Validation" executed="True" result="Ignored" success="True" time="0.1094" asserts="0" description="Module manifest.Validation">
                <results>
                  <test-case description="Has a valid manifest" name="Module manifest.Validation.Has a valid manifest" time="0.0102" asserts="0" success="True" result="Success" executed="True" />
                  <test-case description="Has a valid name in the manifest" name="Module manifest.Validation.Has a valid name in the manifest" time="0.0043" asserts="0" success="True" result="Success" executed="True" />
                  <test-case description="Has a valid root module" name="Module manifest.Validation.Has a valid root module" time="0.0045" asserts="0" success="True" result="Success" executed="True" />
                  <test-case description="Has a valid version in the manifest" name="Module manifest.Validation.Has a valid version in the manifest" time="0.0041" asserts="0" success="True" result="Success" executed="True" />
                  <test-case description="Has a valid description" name="Module manifest.Validation.Has a valid description" time="0.0044" asserts="0" success="True" result="Success" executed="True" />
                  <test-case description="Has a valid author" name="Module manifest.Validation.Has a valid author" time="0.0044" asserts="0" success="True" result="Success" executed="True" />
                  <test-case description="Has a valid guid" name="Module manifest.Validation.Has a valid guid" time="0.0041" asserts="0" success="True" result="Success" executed="True" />
                  <test-case description="Has a valid copyright" name="Module manifest.Validation.Has a valid copyright" time="0.0034" asserts="0" success="True" result="Success" executed="True" />
                  <test-case description="Has a valid version in the changelog" name="Module manifest.Validation.Has a valid version in the changelog" time="0.0045" asserts="0" success="True" result="Success" executed="True" />
                  <test-case description="Changelog and manifest versions are the same" name="Module manifest.Validation.Changelog and manifest versions are the same" time="0.0032" asserts="0" success="False" result="Ignored" executed="False" />
                </results>
              </test-suite>
            </results>
          </test-suite>
          <test-suite type="TestFixture" name="Git tagging" executed="True" result="Ignored" success="True" time="0.2414" asserts="0" description="Git tagging">
            <results>
              <test-case description="Is tagged with a valid version" name="Git tagging.Is tagged with a valid version" time="0.0062" asserts="0" success="False" result="Ignored" executed="False" />
              <test-case description="Matches manifest version" name="Git tagging.Matches manifest version" time="0.0056" asserts="0" success="False" result="Ignored" executed="False" />
            </results>
          </test-suite>
        </results>
      </test-suite>
      <test-suite type="TestFixture" name="C:\Projects\Powershell\Modules\7zipWrapper\tests\Meta.tests.ps1" executed="True" result="Success" success="True" time="1.1747" asserts="0" description="C:\Projects\Powershell\Modules\7zipWrapper\tests\Meta.tests.ps1">
        <results>
          <test-suite type="TestFixture" name="Text files formatting" executed="True" result="Success" success="True" time="0.204" asserts="0" description="Text files formatting">
            <results>
              <test-suite type="TestFixture" name="Text files formatting.File encoding" executed="True" result="Success" success="True" time="0.0708" asserts="0" description="Text files formatting.File encoding">
                <results>
                  <test-case description="No text file uses Unicode/UTF-16 encoding" name="Text files formatting.File encoding.No text file uses Unicode/UTF-16 encoding" time="0.0073" asserts="0" success="True" result="Success" executed="True" />
                </results>
              </test-suite>
              <test-suite type="TestFixture" name="Text files formatting.Indentations" executed="True" result="Success" success="True" time="0.1439" asserts="0" description="Text files formatting.Indentations">
                <results>
                  <test-case description="No text file use tabs for indentations" name="Text files formatting.Indentations.No text file use tabs for indentations" time="0.0063" asserts="0" success="True" result="Success" executed="True" />
                </results>
              </test-suite>
            </results>
          </test-suite>
        </results>
      </test-suite>
    </results>
  </test-suite>
</test-results>